2026-07-18T22:16:11Z uber-eats-daily-fees: pulled Jul 14-18 2026 for both shops (hg, mari). HG Jul14 had no orders (no card). Session active (no login prompt).
2026-07-18T22:16:11Z   marketing: no ads invoice overlaps captured days yet - latest 'Uber to shop' invoice is week 07/06-07/12 for both shops (issued 2026-07-15); week 07/13-07/19 not yet issued. uber_marketing_weekly.csv unchanged.
2026-07-18T22:16:11Z   Uber Direct: none observed in Payouts view.
2026-07-20T22:16:54Z uber-eats-daily-fees: pulled Jul 15-19 2026 for both shops (hg, mari). Jul 20 skipped (card marked 'Live', Mari sales A$0.00 - not settled). Session active (no login prompt).
2026-07-20T22:16:54Z   HG Jul 19: sales A$0.00, payout -A$2.00 = a net order error adjustment (refund on order 76B19, Ally K, 07/19). Recorded sales=0/payout=-2.00; offers set to 0.00 (not a funded promo). commission=0.
2026-07-20T22:16:54Z   marketing: no ads invoice overlaps captured days. Latest 'Uber to shop' invoice is week 07/06-07/12 (issued 2026-07-15) for both shops (HG inv ...0000028, Mari inv ...0000030); week 07/13-07/19 not yet issued. uber_marketing_weekly.csv unchanged.
2026-07-20T22:16:54Z   Uber Direct: none observed in Payouts view.
2026-07-21T22:16:49Z uber-eats-daily-fees: ABORTED — Chrome browser unresponsive. Navigation to merchants.ubereats.com/manager/payments and even example.com timed out; both tabs lost their URL/title (stuck "Untitled"), screenshots/get_page_text returned "No URL available for active tab". Could not reach the portal, so no login-state determination possible. No data captured; uber_daily.csv and uber_marketing_weekly.csv unchanged. Re-run needed once the browser session is healthy.
2026-07-21T22:19:06Z   push DEFERRED — remote/main is 68 commits ahead of local (rebase required), but working tree has unrelated pre-existing modifications (dashboard/, history CSVs) that block rebase and would conflict on autostash. FUSE mount also blocks git unlink of lock files. Abort-log commit 1ddd7fa made locally only; not pushed to avoid corrupting the shared repo. A healthy re-run (browser up, clean tree) will sync it.
2026-07-22T05:04:20Z uber-eats-daily-fees: RE-RUN OK (browser healthy, logged in as ZB, no login prompt). Pulled Jul 17-21 2026 via custom date range for both shops.
2026-07-22T05:04:20Z   HG: captured Jul 17-20 (4 settled day cards, sum = range Total payout A$296.42). Jul 21 had NO daily-payout card (no settled HG orders yet) — not recorded, will pick up next run.
2026-07-22T05:04:20Z   HG Jul 19: sales A$0.00, payout -A$2.00 = net order error adjustment (refund), not a promo -> commission=0, offers=0.
2026-07-22T05:04:20Z   HG Jul 20: sales A$190.00, payout A$72.30. offers-formula would yield 55.00 but that is the -A$55.00 net order error adjustment (Char M refund, order 28F2F 07/20), NOT a funded promo. HG runs no offers -> offers set to 0.00 (commission 62.70 wont reconcile to payout by the 55.00 refund, expected). Range net order error adj = -A$57.00 (55+2).
2026-07-22T05:04:20Z   Mari: captured Jul 17-21 (5 settled day cards, sum = range Total payout A$1,900.22). Funded offers present Jul 17/18/19/21 (111.45/49.56/56.18/38.12) - confirmed by Mari payout breakdown showing a Marketing deduction line.
2026-07-22T05:04:20Z   Mari Jul 20: sales A$0.00, payout -A$29.10 = net adjustment on a zero-sales day, not a funded promo -> commission=0, offers=0.
2026-07-22T05:04:20Z   marketing (ads invoices): latest Uber-to-shop invoice is week 07/06-07/12 (issued 2026-07-15) for both shops (HG inv ...0028, Mari inv ...0030). Week 07/13-07/19 NOT yet issued, so NO ads invoice overlaps captured days -> uber_marketing_weekly.csv unchanged.
2026-07-22T05:04:20Z   Uber Direct: none observed in Payouts view.
2026-07-23T06:11:43Z uber-eats-daily-fees: RUN OK (logged in as ZB). Captured Jul 22 for both shops via custom date ranges. Mari Jul22 299.00/170.68 (offers 29.65). HG Jul22 47.00/31.50 (offers 0). HG Jul21 had NO daily-payout card (no settled orders) -> not recorded. Jul18-21 re-verified, unchanged. Jul22 cards tagged "Live" (still settling) -> re-captured/overwritten within 72h.
2026-07-23T06:11:43Z   MARKETING RESOLVED: the "Uber to shop" invoices are COMMISSION tax invoices (line item "merchant_commission"), NOT ads/marketing — confirmed via the detailed-invoices CSV (e.g. HG inv ...0029 gross A$182.99 = commission 166.35 net + 16.64 GST). Uber Ads spend is DEDUCTED FROM PAYOUTS (per the Ads create-flow fine print; HG has no active campaign, A$112 free credits) so it is already captured — together with funded offers — by offers_inc_gst = (sales-payout)-commission. There is NO separate marketing invoice. Skill STEP 4 removed; uber_marketing_weekly.csv deprecated.
2026-07-23T06:11:43Z   WRITE PATH CHANGED: task now commits to origin/main via the GitHub API (this entry pushed that way). The local clone had drifted 100+ commits behind and the FUSE mount blocks git lock cleanup, so local git push kept failing.
2026-07-23T06:11:43Z   Uber Direct: none observed in Payouts view.
2026-07-23T22:13:41Z uber-eats-daily-fees: RUN OK (logged in as ZB, no login prompt). Captured Jul 23 for both shops via custom date ranges (HG+Mari 20-24, plus 17-19 for Jul 19). Jul 19-22 re-verified unchanged. Jul 24 (today) skipped. Jul 23 cards tagged "Live" (still settling) -> re-capturable within 72h.
2026-07-23T22:13:41Z   HG Jul 23: sales 212.50 / payout 142.37, commission 70.13, offers 0.00 (sales-payout=70.13 exactly = commission). HG Jul 21 STILL had no daily-payout card (closed Tue / no settled orders) -> not recorded.
2026-07-23T22:13:41Z   Mari Jul 23: sales 360.00 / payout 291.13, commission 118.80. offers formula yields (68.87-118.80)=-49.93, materially negative (high payout ratio 81%, likely pickup-heavy/low-fee day or adjustment) -> offers floored to 0.00 per STEP 3 sanity check; commission kept at 0.33*sales.
2026-07-23T22:13:41Z   Range sanity (Mari 20-24): Earnings 950.00 = sum day sales (0+291+299+360); Total payout 589.56 = sum day payouts (-29.10+156.85+170.68+291.13) — reconciles. Reported Marketing line -139.77; recorded offers 38.12+29.65+0 = 67.77 (shortfall = the Jul23 floored day).
2026-07-23T22:13:41Z   marketing: no separate ads/marketing invoice chased (STEP 4) — all discretionary marketing already inside offers_inc_gst. uber_marketing_weekly.csv unchanged (deprecated).
2026-07-23T22:13:41Z   Uber Direct: none observed in Payouts view.
